[2022-02-12 14:27:53,734] {taskinstance.py:1035} INFO - Dependencies all met for <TaskInstance: bigquery_github_trends_dag.bq_check_hackernews_full scheduled__2022-01-17T02:15:00+00:00 [queued]>
[2022-02-12 14:27:53,761] {taskinstance.py:1035} INFO - Dependencies all met for <TaskInstance: bigquery_github_trends_dag.bq_check_hackernews_full scheduled__2022-01-17T02:15:00+00:00 [queued]>
[2022-02-12 14:27:53,762] {taskinstance.py:1241} INFO - 
--------------------------------------------------------------------------------
[2022-02-12 14:27:53,764] {taskinstance.py:1242} INFO - Starting attempt 1 of 3
[2022-02-12 14:27:53,766] {taskinstance.py:1243} INFO - 
--------------------------------------------------------------------------------
[2022-02-12 14:27:53,781] {taskinstance.py:1262} INFO - Executing <Task(BigQueryCheckOperator): bq_check_hackernews_full> on 2022-01-17 02:15:00+00:00
[2022-02-12 14:27:53,789] {standard_task_runner.py:52} INFO - Started process 1348 to run task
[2022-02-12 14:27:53,792] {standard_task_runner.py:76} INFO - Running: ['***', 'tasks', 'run', 'bigquery_github_trends_dag', 'bq_check_hackernews_full', 'scheduled__2022-01-17T02:15:00+00:00', '--job-id', '467', '--raw', '--subdir', 'DAGS_FOLDER/bq_github_trends.py', '--cfg-path', '/tmp/tmpl_n_9tkr', '--error-file', '/tmp/tmpabsbrw65']
[2022-02-12 14:27:53,794] {standard_task_runner.py:77} INFO - Job 467: Subtask bq_check_hackernews_full
[2022-02-12 14:27:53,843] {logging_mixin.py:109} INFO - Running <TaskInstance: bigquery_github_trends_dag.bq_check_hackernews_full scheduled__2022-01-17T02:15:00+00:00 [running]> on host df08bcee4beb
[2022-02-12 14:27:53,893] {warnings.py:110} WARNING - /home/***/.local/lib/python3.7/site-packages/***/models/taskinstance.py:1941: DeprecationWarning: Accessing 'yesterday_ds_nodash' from the template is deprecated and will be removed in a future version.
  warnings.warn(message, DeprecationWarning)

[2022-02-12 14:27:53,937] {taskinstance.py:1429} INFO - Exporting the following env vars:
AIRFLOW_CTX_DAG_EMAIL=anggapradiktas@gmail.com
AIRFLOW_CTX_DAG_OWNER=Angga
AIRFLOW_CTX_DAG_ID=bigquery_github_trends_dag
AIRFLOW_CTX_TASK_ID=bq_check_hackernews_full
AIRFLOW_CTX_EXECUTION_DATE=2022-01-17T02:15:00+00:00
AIRFLOW_CTX_DAG_RUN_ID=scheduled__2022-01-17T02:15:00+00:00
[2022-02-12 14:27:53,938] {sql.py:120} INFO - Executing SQL check: 
        #standardSQL
        SELECT
          FORMAT_TIMESTAMP("%Y%m%d", timestamp ) AS date
        FROM
          `bigquery-public-data.hacker_news.full`
        WHERE
          type = 'story'
          AND FORMAT_TIMESTAMP("%Y%m%d", timestamp ) = "20220116"
        LIMIT
          1
        
[2022-02-12 14:27:53,951] {warnings.py:110} WARNING - /home/***/.local/lib/python3.7/site-packages/***/providers/google/cloud/hooks/bigquery.py:141: DeprecationWarning: This method will be deprecated. Please use `BigQueryHook.get_client` method
  "This method will be deprecated. Please use `BigQueryHook.get_client` method", DeprecationWarning

[2022-02-12 14:27:55,105] {warnings.py:110} WARNING - /home/***/.local/lib/python3.7/site-packages/***/providers/google/cloud/hooks/bigquery.py:2191: DeprecationWarning: This method is deprecated. Please use `BigQueryHook.insert_job` method.
  "This method is deprecated. Please use `BigQueryHook.insert_job` method.", DeprecationWarning

[2022-02-12 14:27:55,107] {bigquery.py:1637} INFO - Inserting job ***_1644676075106673_2b59e566f44d11a9618f38884445c10e
[2022-02-12 14:27:57,654] {sql.py:123} INFO - Record: ['20220116']
[2022-02-12 14:27:57,656] {sql.py:129} INFO - Success.
[2022-02-12 14:27:57,856] {taskinstance.py:1280} INFO - Marking task as SUCCESS. dag_id=bigquery_github_trends_dag, task_id=bq_check_hackernews_full, execution_date=20220117T021500, start_date=20220212T142753, end_date=20220212T142757
[2022-02-12 14:27:57,892] {local_task_job.py:154} INFO - Task exited with return code 0
[2022-02-12 14:27:57,922] {local_task_job.py:264} INFO - 0 downstream tasks scheduled from follow-on schedule check
