[2022-02-12 14:27:47,664] {taskinstance.py:1035} INFO - Dependencies all met for <TaskInstance: bigquery_github_trends_dag.bq_check_hackernews_full scheduled__2022-01-16T02:15:00+00:00 [queued]>
[2022-02-12 14:27:47,684] {taskinstance.py:1035} INFO - Dependencies all met for <TaskInstance: bigquery_github_trends_dag.bq_check_hackernews_full scheduled__2022-01-16T02:15:00+00:00 [queued]>
[2022-02-12 14:27:47,685] {taskinstance.py:1241} INFO - 
--------------------------------------------------------------------------------
[2022-02-12 14:27:47,686] {taskinstance.py:1242} INFO - Starting attempt 1 of 3
[2022-02-12 14:27:47,687] {taskinstance.py:1243} INFO - 
--------------------------------------------------------------------------------
[2022-02-12 14:27:47,705] {taskinstance.py:1262} INFO - Executing <Task(BigQueryCheckOperator): bq_check_hackernews_full> on 2022-01-16 02:15:00+00:00
[2022-02-12 14:27:47,712] {standard_task_runner.py:52} INFO - Started process 1332 to run task
[2022-02-12 14:27:47,717] {standard_task_runner.py:76} INFO - Running: ['***', 'tasks', 'run', 'bigquery_github_trends_dag', 'bq_check_hackernews_full', 'scheduled__2022-01-16T02:15:00+00:00', '--job-id', '465', '--raw', '--subdir', 'DAGS_FOLDER/bq_github_trends.py', '--cfg-path', '/tmp/tmplv9x804h', '--error-file', '/tmp/tmp8y6gxpf0']
[2022-02-12 14:27:47,718] {standard_task_runner.py:77} INFO - Job 465: Subtask bq_check_hackernews_full
[2022-02-12 14:27:47,765] {logging_mixin.py:109} INFO - Running <TaskInstance: bigquery_github_trends_dag.bq_check_hackernews_full scheduled__2022-01-16T02:15:00+00:00 [running]> on host df08bcee4beb
[2022-02-12 14:27:47,797] {warnings.py:110} WARNING - /home/***/.local/lib/python3.7/site-packages/***/models/taskinstance.py:1941: DeprecationWarning: Accessing 'yesterday_ds_nodash' from the template is deprecated and will be removed in a future version.
  warnings.warn(message, DeprecationWarning)

[2022-02-12 14:27:47,821] {taskinstance.py:1429} INFO - Exporting the following env vars:
AIRFLOW_CTX_DAG_EMAIL=anggapradiktas@gmail.com
AIRFLOW_CTX_DAG_OWNER=Angga
AIRFLOW_CTX_DAG_ID=bigquery_github_trends_dag
AIRFLOW_CTX_TASK_ID=bq_check_hackernews_full
AIRFLOW_CTX_EXECUTION_DATE=2022-01-16T02:15:00+00:00
AIRFLOW_CTX_DAG_RUN_ID=scheduled__2022-01-16T02:15:00+00:00
[2022-02-12 14:27:47,822] {sql.py:120} INFO - Executing SQL check: 
        #standardSQL
        SELECT
          FORMAT_TIMESTAMP("%Y%m%d", timestamp ) AS date
        FROM
          `bigquery-public-data.hacker_news.full`
        WHERE
          type = 'story'
          AND FORMAT_TIMESTAMP("%Y%m%d", timestamp ) = "20220115"
        LIMIT
          1
        
[2022-02-12 14:27:47,834] {warnings.py:110} WARNING - /home/***/.local/lib/python3.7/site-packages/***/providers/google/cloud/hooks/bigquery.py:141: DeprecationWarning: This method will be deprecated. Please use `BigQueryHook.get_client` method
  "This method will be deprecated. Please use `BigQueryHook.get_client` method", DeprecationWarning

[2022-02-12 14:27:48,111] {warnings.py:110} WARNING - /home/***/.local/lib/python3.7/site-packages/***/providers/google/cloud/hooks/bigquery.py:2191: DeprecationWarning: This method is deprecated. Please use `BigQueryHook.insert_job` method.
  "This method is deprecated. Please use `BigQueryHook.insert_job` method.", DeprecationWarning

[2022-02-12 14:27:48,116] {bigquery.py:1637} INFO - Inserting job ***_1644676068115168_c88aa2fb0047613144a74acc67d5aceb
[2022-02-12 14:27:50,001] {sql.py:123} INFO - Record: ['20220115']
[2022-02-12 14:27:50,003] {sql.py:129} INFO - Success.
[2022-02-12 14:27:50,740] {taskinstance.py:1280} INFO - Marking task as SUCCESS. dag_id=bigquery_github_trends_dag, task_id=bq_check_hackernews_full, execution_date=20220116T021500, start_date=20220212T142747, end_date=20220212T142750
[2022-02-12 14:27:50,812] {local_task_job.py:154} INFO - Task exited with return code 0
[2022-02-12 14:27:50,891] {local_task_job.py:264} INFO - 0 downstream tasks scheduled from follow-on schedule check
