[2022-02-12 14:27:59,956] {taskinstance.py:1035} INFO - Dependencies all met for <TaskInstance: bigquery_github_trends_dag.bq_check_hackernews_full scheduled__2022-01-18T02:15:00+00:00 [queued]>
[2022-02-12 14:27:59,983] {taskinstance.py:1035} INFO - Dependencies all met for <TaskInstance: bigquery_github_trends_dag.bq_check_hackernews_full scheduled__2022-01-18T02:15:00+00:00 [queued]>
[2022-02-12 14:27:59,984] {taskinstance.py:1241} INFO - 
--------------------------------------------------------------------------------
[2022-02-12 14:27:59,985] {taskinstance.py:1242} INFO - Starting attempt 1 of 3
[2022-02-12 14:27:59,986] {taskinstance.py:1243} INFO - 
--------------------------------------------------------------------------------
[2022-02-12 14:28:00,003] {taskinstance.py:1262} INFO - Executing <Task(BigQueryCheckOperator): bq_check_hackernews_full> on 2022-01-18 02:15:00+00:00
[2022-02-12 14:28:00,010] {standard_task_runner.py:52} INFO - Started process 1354 to run task
[2022-02-12 14:28:00,014] {standard_task_runner.py:76} INFO - Running: ['***', 'tasks', 'run', 'bigquery_github_trends_dag', 'bq_check_hackernews_full', 'scheduled__2022-01-18T02:15:00+00:00', '--job-id', '469', '--raw', '--subdir', 'DAGS_FOLDER/bq_github_trends.py', '--cfg-path', '/tmp/tmp4fnjocz3', '--error-file', '/tmp/tmpdxgtb__y']
[2022-02-12 14:28:00,016] {standard_task_runner.py:77} INFO - Job 469: Subtask bq_check_hackernews_full
[2022-02-12 14:28:00,063] {logging_mixin.py:109} INFO - Running <TaskInstance: bigquery_github_trends_dag.bq_check_hackernews_full scheduled__2022-01-18T02:15:00+00:00 [running]> on host df08bcee4beb
[2022-02-12 14:28:00,094] {warnings.py:110} WARNING - /home/***/.local/lib/python3.7/site-packages/***/models/taskinstance.py:1941: DeprecationWarning: Accessing 'yesterday_ds_nodash' from the template is deprecated and will be removed in a future version.
  warnings.warn(message, DeprecationWarning)

[2022-02-12 14:28:00,120] {taskinstance.py:1429} INFO - Exporting the following env vars:
AIRFLOW_CTX_DAG_EMAIL=anggapradiktas@gmail.com
AIRFLOW_CTX_DAG_OWNER=Angga
AIRFLOW_CTX_DAG_ID=bigquery_github_trends_dag
AIRFLOW_CTX_TASK_ID=bq_check_hackernews_full
AIRFLOW_CTX_EXECUTION_DATE=2022-01-18T02:15:00+00:00
AIRFLOW_CTX_DAG_RUN_ID=scheduled__2022-01-18T02:15:00+00:00
[2022-02-12 14:28:00,121] {sql.py:120} INFO - Executing SQL check: 
        #standardSQL
        SELECT
          FORMAT_TIMESTAMP("%Y%m%d", timestamp ) AS date
        FROM
          `bigquery-public-data.hacker_news.full`
        WHERE
          type = 'story'
          AND FORMAT_TIMESTAMP("%Y%m%d", timestamp ) = "20220117"
        LIMIT
          1
        
[2022-02-12 14:28:00,133] {warnings.py:110} WARNING - /home/***/.local/lib/python3.7/site-packages/***/providers/google/cloud/hooks/bigquery.py:141: DeprecationWarning: This method will be deprecated. Please use `BigQueryHook.get_client` method
  "This method will be deprecated. Please use `BigQueryHook.get_client` method", DeprecationWarning

[2022-02-12 14:28:00,715] {warnings.py:110} WARNING - /home/***/.local/lib/python3.7/site-packages/***/providers/google/cloud/hooks/bigquery.py:2191: DeprecationWarning: This method is deprecated. Please use `BigQueryHook.insert_job` method.
  "This method is deprecated. Please use `BigQueryHook.insert_job` method.", DeprecationWarning

[2022-02-12 14:28:00,719] {bigquery.py:1637} INFO - Inserting job ***_1644676080718690_1b38ed20d8f3efff7634936e2e1cb52d
[2022-02-12 14:28:02,910] {sql.py:123} INFO - Record: ['20220117']
[2022-02-12 14:28:02,912] {sql.py:129} INFO - Success.
[2022-02-12 14:28:02,926] {taskinstance.py:1280} INFO - Marking task as SUCCESS. dag_id=bigquery_github_trends_dag, task_id=bq_check_hackernews_full, execution_date=20220118T021500, start_date=20220212T142759, end_date=20220212T142802
[2022-02-12 14:28:02,969] {local_task_job.py:154} INFO - Task exited with return code 0
[2022-02-12 14:28:03,011] {local_task_job.py:264} INFO - 0 downstream tasks scheduled from follow-on schedule check
