[2022-02-12 14:27:36,821] {taskinstance.py:1035} INFO - Dependencies all met for <TaskInstance: bigquery_github_trends_dag.bq_check_githubarchive_day scheduled__2022-01-15T02:15:00+00:00 [queued]>
[2022-02-12 14:27:36,846] {taskinstance.py:1035} INFO - Dependencies all met for <TaskInstance: bigquery_github_trends_dag.bq_check_githubarchive_day scheduled__2022-01-15T02:15:00+00:00 [queued]>
[2022-02-12 14:27:36,847] {taskinstance.py:1241} INFO - 
--------------------------------------------------------------------------------
[2022-02-12 14:27:36,848] {taskinstance.py:1242} INFO - Starting attempt 1 of 3
[2022-02-12 14:27:36,849] {taskinstance.py:1243} INFO - 
--------------------------------------------------------------------------------
[2022-02-12 14:27:36,873] {taskinstance.py:1262} INFO - Executing <Task(BigQueryCheckOperator): bq_check_githubarchive_day> on 2022-01-15 02:15:00+00:00
[2022-02-12 14:27:36,882] {standard_task_runner.py:52} INFO - Started process 1319 to run task
[2022-02-12 14:27:36,887] {standard_task_runner.py:76} INFO - Running: ['***', 'tasks', 'run', 'bigquery_github_trends_dag', 'bq_check_githubarchive_day', 'scheduled__2022-01-15T02:15:00+00:00', '--job-id', '460', '--raw', '--subdir', 'DAGS_FOLDER/bq_github_trends.py', '--cfg-path', '/tmp/tmpg0yeip3a', '--error-file', '/tmp/tmpmwmvku1n']
[2022-02-12 14:27:36,890] {standard_task_runner.py:77} INFO - Job 460: Subtask bq_check_githubarchive_day
[2022-02-12 14:27:37,000] {logging_mixin.py:109} INFO - Running <TaskInstance: bigquery_github_trends_dag.bq_check_githubarchive_day scheduled__2022-01-15T02:15:00+00:00 [running]> on host df08bcee4beb
[2022-02-12 14:27:37,061] {warnings.py:110} WARNING - /home/***/.local/lib/python3.7/site-packages/***/models/taskinstance.py:1941: DeprecationWarning: Accessing 'yesterday_ds_nodash' from the template is deprecated and will be removed in a future version.
  warnings.warn(message, DeprecationWarning)

[2022-02-12 14:27:37,097] {taskinstance.py:1429} INFO - Exporting the following env vars:
AIRFLOW_CTX_DAG_EMAIL=anggapradiktas@gmail.com
AIRFLOW_CTX_DAG_OWNER=Angga
AIRFLOW_CTX_DAG_ID=bigquery_github_trends_dag
AIRFLOW_CTX_TASK_ID=bq_check_githubarchive_day
AIRFLOW_CTX_EXECUTION_DATE=2022-01-15T02:15:00+00:00
AIRFLOW_CTX_DAG_RUN_ID=scheduled__2022-01-15T02:15:00+00:00
[2022-02-12 14:27:37,099] {sql.py:120} INFO - Executing SQL check: 
        #standardSQL
        SELECT
          table_id
        FROM
          `githubarchive.day.__TABLES_SUMMARY__`
        WHERE
          table_id = "20220114"
        
[2022-02-12 14:27:37,123] {warnings.py:110} WARNING - /home/***/.local/lib/python3.7/site-packages/***/providers/google/cloud/hooks/bigquery.py:141: DeprecationWarning: This method will be deprecated. Please use `BigQueryHook.get_client` method
  "This method will be deprecated. Please use `BigQueryHook.get_client` method", DeprecationWarning

[2022-02-12 14:27:37,424] {warnings.py:110} WARNING - /home/***/.local/lib/python3.7/site-packages/***/providers/google/cloud/hooks/bigquery.py:2191: DeprecationWarning: This method is deprecated. Please use `BigQueryHook.insert_job` method.
  "This method is deprecated. Please use `BigQueryHook.insert_job` method.", DeprecationWarning

[2022-02-12 14:27:37,428] {bigquery.py:1637} INFO - Inserting job ***_1644676057426624_1458e15333cbf8447b77b5d6284c6e4e
[2022-02-12 14:27:39,617] {sql.py:123} INFO - Record: ['20220114']
[2022-02-12 14:27:39,632] {sql.py:129} INFO - Success.
[2022-02-12 14:27:39,776] {taskinstance.py:1280} INFO - Marking task as SUCCESS. dag_id=bigquery_github_trends_dag, task_id=bq_check_githubarchive_day, execution_date=20220115T021500, start_date=20220212T142736, end_date=20220212T142739
[2022-02-12 14:27:39,852] {local_task_job.py:154} INFO - Task exited with return code 0
[2022-02-12 14:27:39,899] {local_task_job.py:264} INFO - 0 downstream tasks scheduled from follow-on schedule check
