[2022-02-12 14:28:04,428] {taskinstance.py:1035} INFO - Dependencies all met for <TaskInstance: bigquery_github_trends_dag.bq_check_hackernews_full scheduled__2022-01-19T02:15:00+00:00 [queued]>
[2022-02-12 14:28:04,452] {taskinstance.py:1035} INFO - Dependencies all met for <TaskInstance: bigquery_github_trends_dag.bq_check_hackernews_full scheduled__2022-01-19T02:15:00+00:00 [queued]>
[2022-02-12 14:28:04,453] {taskinstance.py:1241} INFO - 
--------------------------------------------------------------------------------
[2022-02-12 14:28:04,453] {taskinstance.py:1242} INFO - Starting attempt 1 of 3
[2022-02-12 14:28:04,454] {taskinstance.py:1243} INFO - 
--------------------------------------------------------------------------------
[2022-02-12 14:28:04,467] {taskinstance.py:1262} INFO - Executing <Task(BigQueryCheckOperator): bq_check_hackernews_full> on 2022-01-19 02:15:00+00:00
[2022-02-12 14:28:04,472] {standard_task_runner.py:52} INFO - Started process 1370 to run task
[2022-02-12 14:28:04,479] {standard_task_runner.py:76} INFO - Running: ['***', 'tasks', 'run', 'bigquery_github_trends_dag', 'bq_check_hackernews_full', 'scheduled__2022-01-19T02:15:00+00:00', '--job-id', '471', '--raw', '--subdir', 'DAGS_FOLDER/bq_github_trends.py', '--cfg-path', '/tmp/tmpt8desx0e', '--error-file', '/tmp/tmpfwnhp470']
[2022-02-12 14:28:04,481] {standard_task_runner.py:77} INFO - Job 471: Subtask bq_check_hackernews_full
[2022-02-12 14:28:04,545] {logging_mixin.py:109} INFO - Running <TaskInstance: bigquery_github_trends_dag.bq_check_hackernews_full scheduled__2022-01-19T02:15:00+00:00 [running]> on host df08bcee4beb
[2022-02-12 14:28:04,582] {warnings.py:110} WARNING - /home/***/.local/lib/python3.7/site-packages/***/models/taskinstance.py:1941: DeprecationWarning: Accessing 'yesterday_ds_nodash' from the template is deprecated and will be removed in a future version.
  warnings.warn(message, DeprecationWarning)

[2022-02-12 14:28:04,611] {taskinstance.py:1429} INFO - Exporting the following env vars:
AIRFLOW_CTX_DAG_EMAIL=anggapradiktas@gmail.com
AIRFLOW_CTX_DAG_OWNER=Angga
AIRFLOW_CTX_DAG_ID=bigquery_github_trends_dag
AIRFLOW_CTX_TASK_ID=bq_check_hackernews_full
AIRFLOW_CTX_EXECUTION_DATE=2022-01-19T02:15:00+00:00
AIRFLOW_CTX_DAG_RUN_ID=scheduled__2022-01-19T02:15:00+00:00
[2022-02-12 14:28:04,613] {sql.py:120} INFO - Executing SQL check: 
        #standardSQL
        SELECT
          FORMAT_TIMESTAMP("%Y%m%d", timestamp ) AS date
        FROM
          `bigquery-public-data.hacker_news.full`
        WHERE
          type = 'story'
          AND FORMAT_TIMESTAMP("%Y%m%d", timestamp ) = "20220118"
        LIMIT
          1
        
[2022-02-12 14:28:04,623] {warnings.py:110} WARNING - /home/***/.local/lib/python3.7/site-packages/***/providers/google/cloud/hooks/bigquery.py:141: DeprecationWarning: This method will be deprecated. Please use `BigQueryHook.get_client` method
  "This method will be deprecated. Please use `BigQueryHook.get_client` method", DeprecationWarning

[2022-02-12 14:28:04,944] {warnings.py:110} WARNING - /home/***/.local/lib/python3.7/site-packages/***/providers/google/cloud/hooks/bigquery.py:2191: DeprecationWarning: This method is deprecated. Please use `BigQueryHook.insert_job` method.
  "This method is deprecated. Please use `BigQueryHook.insert_job` method.", DeprecationWarning

[2022-02-12 14:28:04,948] {bigquery.py:1637} INFO - Inserting job ***_1644676084946499_ff13337d7a8d385cf32907c7354ea691
[2022-02-12 14:28:06,747] {sql.py:123} INFO - Record: ['20220118']
[2022-02-12 14:28:06,750] {sql.py:129} INFO - Success.
[2022-02-12 14:28:06,776] {taskinstance.py:1280} INFO - Marking task as SUCCESS. dag_id=bigquery_github_trends_dag, task_id=bq_check_hackernews_full, execution_date=20220119T021500, start_date=20220212T142804, end_date=20220212T142806
[2022-02-12 14:28:06,826] {local_task_job.py:154} INFO - Task exited with return code 0
[2022-02-12 14:28:06,876] {local_task_job.py:264} INFO - 0 downstream tasks scheduled from follow-on schedule check
