[2022-02-12 14:28:04,163] {taskinstance.py:1035} INFO - Dependencies all met for <TaskInstance: bigquery_github_trends_dag.bq_check_githubarchive_day scheduled__2022-01-20T02:15:00+00:00 [queued]>
[2022-02-12 14:28:04,183] {taskinstance.py:1035} INFO - Dependencies all met for <TaskInstance: bigquery_github_trends_dag.bq_check_githubarchive_day scheduled__2022-01-20T02:15:00+00:00 [queued]>
[2022-02-12 14:28:04,184] {taskinstance.py:1241} INFO - 
--------------------------------------------------------------------------------
[2022-02-12 14:28:04,187] {taskinstance.py:1242} INFO - Starting attempt 1 of 3
[2022-02-12 14:28:04,188] {taskinstance.py:1243} INFO - 
--------------------------------------------------------------------------------
[2022-02-12 14:28:04,203] {taskinstance.py:1262} INFO - Executing <Task(BigQueryCheckOperator): bq_check_githubarchive_day> on 2022-01-20 02:15:00+00:00
[2022-02-12 14:28:04,211] {standard_task_runner.py:52} INFO - Started process 1369 to run task
[2022-02-12 14:28:04,221] {standard_task_runner.py:76} INFO - Running: ['***', 'tasks', 'run', 'bigquery_github_trends_dag', 'bq_check_githubarchive_day', 'scheduled__2022-01-20T02:15:00+00:00', '--job-id', '470', '--raw', '--subdir', 'DAGS_FOLDER/bq_github_trends.py', '--cfg-path', '/tmp/tmpllwu90o3', '--error-file', '/tmp/tmpktjgmn17']
[2022-02-12 14:28:04,224] {standard_task_runner.py:77} INFO - Job 470: Subtask bq_check_githubarchive_day
[2022-02-12 14:28:04,278] {logging_mixin.py:109} INFO - Running <TaskInstance: bigquery_github_trends_dag.bq_check_githubarchive_day scheduled__2022-01-20T02:15:00+00:00 [running]> on host df08bcee4beb
[2022-02-12 14:28:04,330] {warnings.py:110} WARNING - /home/***/.local/lib/python3.7/site-packages/***/models/taskinstance.py:1941: DeprecationWarning: Accessing 'yesterday_ds_nodash' from the template is deprecated and will be removed in a future version.
  warnings.warn(message, DeprecationWarning)

[2022-02-12 14:28:04,369] {taskinstance.py:1429} INFO - Exporting the following env vars:
AIRFLOW_CTX_DAG_EMAIL=anggapradiktas@gmail.com
AIRFLOW_CTX_DAG_OWNER=Angga
AIRFLOW_CTX_DAG_ID=bigquery_github_trends_dag
AIRFLOW_CTX_TASK_ID=bq_check_githubarchive_day
AIRFLOW_CTX_EXECUTION_DATE=2022-01-20T02:15:00+00:00
AIRFLOW_CTX_DAG_RUN_ID=scheduled__2022-01-20T02:15:00+00:00
[2022-02-12 14:28:04,370] {sql.py:120} INFO - Executing SQL check: 
        #standardSQL
        SELECT
          table_id
        FROM
          `githubarchive.day.__TABLES_SUMMARY__`
        WHERE
          table_id = "20220119"
        
[2022-02-12 14:28:04,385] {warnings.py:110} WARNING - /home/***/.local/lib/python3.7/site-packages/***/providers/google/cloud/hooks/bigquery.py:141: DeprecationWarning: This method will be deprecated. Please use `BigQueryHook.get_client` method
  "This method will be deprecated. Please use `BigQueryHook.get_client` method", DeprecationWarning

[2022-02-12 14:28:04,711] {warnings.py:110} WARNING - /home/***/.local/lib/python3.7/site-packages/***/providers/google/cloud/hooks/bigquery.py:2191: DeprecationWarning: This method is deprecated. Please use `BigQueryHook.insert_job` method.
  "This method is deprecated. Please use `BigQueryHook.insert_job` method.", DeprecationWarning

[2022-02-12 14:28:04,713] {bigquery.py:1637} INFO - Inserting job ***_1644676084712888_917e7fdd864e5a9ec3494ba2800f9ac2
[2022-02-12 14:28:06,747] {sql.py:123} INFO - Record: ['20220119']
[2022-02-12 14:28:06,750] {sql.py:129} INFO - Success.
[2022-02-12 14:28:06,770] {taskinstance.py:1280} INFO - Marking task as SUCCESS. dag_id=bigquery_github_trends_dag, task_id=bq_check_githubarchive_day, execution_date=20220120T021500, start_date=20220212T142804, end_date=20220212T142806
[2022-02-12 14:28:06,835] {local_task_job.py:154} INFO - Task exited with return code 0
[2022-02-12 14:28:06,883] {local_task_job.py:264} INFO - 1 downstream tasks scheduled from follow-on schedule check
